<?xml version="1.0" encoding="UTF-8"?>
<!-- Generated by org.testng.reporters.JUnitReportReporter -->
<testsuite skipped="0" hostname="DESKTOP-9CL64DC" name="com.bit.sample.copy.TestNgAnnotations" tests="2" failures="0" timestamp="20 Mar 2023 23:09:23 GMT" time="0.004" errors="0">
  <testcase name="test20" time="0.004" classname="com.bit.sample.copy.TestNgAnnotations"/>
  <testcase name="test21" time="0.000" classname="com.bit.sample.copy.TestNgAnnotations"/>
</testsuite> <!-- com.bit.sample.copy.TestNgAnnotations -->
